CRITICAL - 2022-02-02 00:15:56 --> Class "App\Controllers\UserModel2" not found
#0 C:\xampp\htdocs\finalproject\system\CodeIgniter.php(825): App\Controllers\UserCrud->index()
#1 C:\xampp\htdocs\finalproject\system\CodeIgniter.php(412): CodeIgniter\CodeIgniter->runController(Object(App\Controllers\UserCrud))
#2 C:\xampp\htdocs\finalproject\system\CodeIgniter.php(320): CodeIgniter\CodeIgniter->handleRequest(NULL, Object(Config\Cache), false)
#3 C:\xampp\htdocs\finalproject\public\index.php(37): CodeIgniter\CodeIgniter->run()
#4 C:\xampp\htdocs\finalproject\system\Commands\Server\rewrite.php(43): require_once('C:\\xampp\\htdocs...')
#5 {main}
CRITICAL - 2022-02-02 00:16:08 --> Class "App\Controllers\UserModel2" not found
#0 C:\xampp\htdocs\finalproject\system\CodeIgniter.php(825): App\Controllers\UserCrud->index()
#1 C:\xampp\htdocs\finalproject\system\CodeIgniter.php(412): CodeIgniter\CodeIgniter->runController(Object(App\Controllers\UserCrud))
#2 C:\xampp\htdocs\finalproject\system\CodeIgniter.php(320): CodeIgniter\CodeIgniter->handleRequest(NULL, Object(Config\Cache), false)
#3 C:\xampp\htdocs\finalproject\public\index.php(37): CodeIgniter\CodeIgniter->run()
#4 C:\xampp\htdocs\finalproject\system\Commands\Server\rewrite.php(43): require_once('C:\\xampp\\htdocs...')
#5 {main}
CRITICAL - 2022-02-02 00:17:10 --> Class "App\Controllers\UserModel" not found
#0 C:\xampp\htdocs\finalproject\system\CodeIgniter.php(825): App\Controllers\UserCrud->index()
#1 C:\xampp\htdocs\finalproject\system\CodeIgniter.php(412): CodeIgniter\CodeIgniter->runController(Object(App\Controllers\UserCrud))
#2 C:\xampp\htdocs\finalproject\system\CodeIgniter.php(320): CodeIgniter\CodeIgniter->handleRequest(NULL, Object(Config\Cache), false)
#3 C:\xampp\htdocs\finalproject\public\index.php(37): CodeIgniter\CodeIgniter->run()
#4 C:\xampp\htdocs\finalproject\system\Commands\Server\rewrite.php(43): require_once('C:\\xampp\\htdocs...')
#5 {main}
CRITICAL - 2022-02-02 00:18:19 --> Class "App\Controllers\UserModel" not found
#0 C:\xampp\htdocs\finalproject\system\CodeIgniter.php(825): App\Controllers\UserCrud->index()
#1 C:\xampp\htdocs\finalproject\system\CodeIgniter.php(412): CodeIgniter\CodeIgniter->runController(Object(App\Controllers\UserCrud))
#2 C:\xampp\htdocs\finalproject\system\CodeIgniter.php(320): CodeIgniter\CodeIgniter->handleRequest(NULL, Object(Config\Cache), false)
#3 C:\xampp\htdocs\finalproject\public\index.php(37): CodeIgniter\CodeIgniter->run()
#4 C:\xampp\htdocs\finalproject\system\Commands\Server\rewrite.php(43): require_once('C:\\xampp\\htdocs...')
#5 {main}
CRITICAL - 2022-02-02 00:29:10 --> Class "App\Controllers\UserModel" not found
#0 C:\xampp\htdocs\finalproject\system\CodeIgniter.php(825): App\Controllers\UserCrud->index()
#1 C:\xampp\htdocs\finalproject\system\CodeIgniter.php(412): CodeIgniter\CodeIgniter->runController(Object(App\Controllers\UserCrud))
#2 C:\xampp\htdocs\finalproject\system\CodeIgniter.php(320): CodeIgniter\CodeIgniter->handleRequest(NULL, Object(Config\Cache), false)
#3 C:\xampp\htdocs\finalproject\public\index.php(37): CodeIgniter\CodeIgniter->run()
#4 C:\xampp\htdocs\finalproject\system\Commands\Server\rewrite.php(43): require_once('C:\\xampp\\htdocs...')
#5 {main}
CRITICAL - 2022-02-02 00:41:01 --> Cannot declare class App\Models\UserModel, because the name is already in use
#0 [internal function]: CodeIgniter\Debug\Exceptions->shutdownHandler()
#1 {main}
CRITICAL - 2022-02-02 00:41:03 --> Cannot declare class App\Models\UserModel, because the name is already in use
#0 [internal function]: CodeIgniter\Debug\Exceptions->shutdownHandler()
#1 {main}
CRITICAL - 2022-02-02 00:41:06 --> Cannot declare class App\Models\UserModel, because the name is already in use
#0 [internal function]: CodeIgniter\Debug\Exceptions->shutdownHandler()
#1 {main}
CRITICAL - 2022-02-02 00:45:06 --> syntax error, unexpected single-quoted string "db2", expecting variable
#0 C:\xampp\htdocs\finalproject\system\Autoloader\Autoloader.php(241): CodeIgniter\Autoloader\Autoloader->includeFile('C:\\xampp\\htdocs...')
#1 C:\xampp\htdocs\finalproject\system\Autoloader\Autoloader.php(219): CodeIgniter\Autoloader\Autoloader->loadInNamespace('Config\\Database')
#2 C:\xampp\htdocs\finalproject\system\Model.php(108): CodeIgniter\Autoloader\Autoloader->loadClass('Config\\Database')
#3 C:\xampp\htdocs\finalproject\app\Controllers\UserCrud.php(10): CodeIgniter\Model->__construct()
#4 C:\xampp\htdocs\finalproject\system\CodeIgniter.php(825): App\Controllers\UserCrud->index()
#5 C:\xampp\htdocs\finalproject\system\CodeIgniter.php(412): CodeIgniter\CodeIgniter->runController(Object(App\Controllers\UserCrud))
#6 C:\xampp\htdocs\finalproject\system\CodeIgniter.php(320): CodeIgniter\CodeIgniter->handleRequest(NULL, Object(Config\Cache), false)
#7 C:\xampp\htdocs\finalproject\public\index.php(37): CodeIgniter\CodeIgniter->run()
#8 C:\xampp\htdocs\finalproject\system\Commands\Server\rewrite.php(43): require_once('C:\\xampp\\htdocs...')
#9 {main}
CRITICAL - 2022-02-02 01:01:15 --> syntax error, unexpected single-quoted string "module2", expecting "]"
#0 C:\xampp\htdocs\finalproject\system\Autoloader\Autoloader.php(241): CodeIgniter\Autoloader\Autoloader->includeFile('C:\\xampp\\htdocs...')
#1 C:\xampp\htdocs\finalproject\system\Autoloader\Autoloader.php(219): CodeIgniter\Autoloader\Autoloader->loadInNamespace('Config\\Database')
#2 C:\xampp\htdocs\finalproject\system\Model.php(108): CodeIgniter\Autoloader\Autoloader->loadClass('Config\\Database')
#3 C:\xampp\htdocs\finalproject\app\Controllers\UserCrud.php(10): CodeIgniter\Model->__construct()
#4 C:\xampp\htdocs\finalproject\system\CodeIgniter.php(825): App\Controllers\UserCrud->index()
#5 C:\xampp\htdocs\finalproject\system\CodeIgniter.php(412): CodeIgniter\CodeIgniter->runController(Object(App\Controllers\UserCrud))
#6 C:\xampp\htdocs\finalproject\system\CodeIgniter.php(320): CodeIgniter\CodeIgniter->handleRequest(NULL, Object(Config\Cache), false)
#7 C:\xampp\htdocs\finalproject\public\index.php(37): CodeIgniter\CodeIgniter->run()
#8 C:\xampp\htdocs\finalproject\system\Commands\Server\rewrite.php(43): require_once('C:\\xampp\\htdocs...')
#9 {main}
CRITICAL - 2022-02-02 01:01:23 --> syntax error, unexpected single-quoted string "module1", expecting "]"
#0 C:\xampp\htdocs\finalproject\system\Autoloader\Autoloader.php(241): CodeIgniter\Autoloader\Autoloader->includeFile('C:\\xampp\\htdocs...')
#1 C:\xampp\htdocs\finalproject\system\Autoloader\Autoloader.php(219): CodeIgniter\Autoloader\Autoloader->loadInNamespace('Config\\Database')
#2 C:\xampp\htdocs\finalproject\system\Model.php(108): CodeIgniter\Autoloader\Autoloader->loadClass('Config\\Database')
#3 C:\xampp\htdocs\finalproject\app\Controllers\UserCrud.php(10): CodeIgniter\Model->__construct()
#4 C:\xampp\htdocs\finalproject\system\CodeIgniter.php(825): App\Controllers\UserCrud->index()
#5 C:\xampp\htdocs\finalproject\system\CodeIgniter.php(412): CodeIgniter\CodeIgniter->runController(Object(App\Controllers\UserCrud))
#6 C:\xampp\htdocs\finalproject\system\CodeIgniter.php(320): CodeIgniter\CodeIgniter->handleRequest(NULL, Object(Config\Cache), false)
#7 C:\xampp\htdocs\finalproject\public\index.php(37): CodeIgniter\CodeIgniter->run()
#8 C:\xampp\htdocs\finalproject\system\Commands\Server\rewrite.php(43): require_once('C:\\xampp\\htdocs...')
#9 {main}
CRITICAL - 2022-02-02 01:02:22 --> Cannot redeclare Config\Database::$default
#0 [internal function]: CodeIgniter\Debug\Exceptions->shutdownHandler()
#1 {main}
CRITICAL - 2022-02-02 01:12:10 --> Cannot declare class App\Models\UserModel, because the name is already in use
#0 [internal function]: CodeIgniter\Debug\Exceptions->shutdownHandler()
#1 {main}
CRITICAL - 2022-02-02 01:12:51 --> Class "App\Controllers\UserMode2" not found
#0 C:\xampp\htdocs\finalproject\system\CodeIgniter.php(825): App\Controllers\UserCrud->index()
#1 C:\xampp\htdocs\finalproject\system\CodeIgniter.php(412): CodeIgniter\CodeIgniter->runController(Object(App\Controllers\UserCrud))
#2 C:\xampp\htdocs\finalproject\system\CodeIgniter.php(320): CodeIgniter\CodeIgniter->handleRequest(NULL, Object(Config\Cache), false)
#3 C:\xampp\htdocs\finalproject\public\index.php(37): CodeIgniter\CodeIgniter->run()
#4 C:\xampp\htdocs\finalproject\system\Commands\Server\rewrite.php(43): require_once('C:\\xampp\\htdocs...')
#5 {main}
CRITICAL - 2022-02-02 01:18:56 --> Class "App\Controllers\UserMode2" not found
#0 C:\xampp\htdocs\finalproject\system\CodeIgniter.php(825): App\Controllers\UserCrud->index()
#1 C:\xampp\htdocs\finalproject\system\CodeIgniter.php(412): CodeIgniter\CodeIgniter->runController(Object(App\Controllers\UserCrud))
#2 C:\xampp\htdocs\finalproject\system\CodeIgniter.php(320): CodeIgniter\CodeIgniter->handleRequest(NULL, Object(Config\Cache), false)
#3 C:\xampp\htdocs\finalproject\public\index.php(37): CodeIgniter\CodeIgniter->run()
#4 C:\xampp\htdocs\finalproject\system\Commands\Server\rewrite.php(43): require_once('C:\\xampp\\htdocs...')
#5 {main}
CRITICAL - 2022-02-02 01:36:02 --> Class "App\Filters\AuthGuard" not found
#0 C:\xampp\htdocs\finalproject\system\CodeIgniter.php(386): CodeIgniter\Filters\Filters->run('profile', 'before')
#1 C:\xampp\htdocs\finalproject\system\CodeIgniter.php(320): CodeIgniter\CodeIgniter->handleRequest(NULL, Object(Config\Cache), false)
#2 C:\xampp\htdocs\finalproject\public\index.php(37): CodeIgniter\CodeIgniter->run()
#3 C:\xampp\htdocs\finalproject\system\Commands\Server\rewrite.php(43): require_once('C:\\xampp\\htdocs...')
#4 {main}
CRITICAL - 2022-02-02 01:38:37 --> Class "App\Filters\AuthGuard" not found
#0 C:\xampp\htdocs\finalproject\system\CodeIgniter.php(386): CodeIgniter\Filters\Filters->run('profile', 'before')
#1 C:\xampp\htdocs\finalproject\system\CodeIgniter.php(320): CodeIgniter\CodeIgniter->handleRequest(NULL, Object(Config\Cache), false)
#2 C:\xampp\htdocs\finalproject\public\index.php(37): CodeIgniter\CodeIgniter->run()
#3 C:\xampp\htdocs\finalproject\system\Commands\Server\rewrite.php(43): require_once('C:\\xampp\\htdocs...')
#4 {main}
CRITICAL - 2022-02-02 01:38:46 --> Class "App\Filters\AuthGuard" not found
#0 C:\xampp\htdocs\finalproject\system\CodeIgniter.php(386): CodeIgniter\Filters\Filters->run('profile', 'before')
#1 C:\xampp\htdocs\finalproject\system\CodeIgniter.php(320): CodeIgniter\CodeIgniter->handleRequest(NULL, Object(Config\Cache), false)
#2 C:\xampp\htdocs\finalproject\public\index.php(37): CodeIgniter\CodeIgniter->run()
#3 C:\xampp\htdocs\finalproject\system\Commands\Server\rewrite.php(43): require_once('C:\\xampp\\htdocs...')
#4 {main}
CRITICAL - 2022-02-02 01:47:26 --> Class "App\Filters\AuthGuard" not found
#0 C:\xampp\htdocs\finalproject\system\CodeIgniter.php(386): CodeIgniter\Filters\Filters->run('profile', 'before')
#1 C:\xampp\htdocs\finalproject\system\CodeIgniter.php(320): CodeIgniter\CodeIgniter->handleRequest(NULL, Object(Config\Cache), false)
#2 C:\xampp\htdocs\finalproject\public\index.php(37): CodeIgniter\CodeIgniter->run()
#3 C:\xampp\htdocs\finalproject\system\Commands\Server\rewrite.php(43): require_once('C:\\xampp\\htdocs...')
#4 {main}
CRITICAL - 2022-02-02 01:54:57 --> Cannot declare class App\Models\UserModel, because the name is already in use
#0 [internal function]: CodeIgniter\Debug\Exceptions->shutdownHandler()
#1 {main}
CRITICAL - 2022-02-02 01:59:51 --> syntax error, unexpected token "protected", expecting "]"
#0 C:\xampp\htdocs\finalproject\system\Autoloader\Autoloader.php(241): CodeIgniter\Autoloader\Autoloader->includeFile('C:\\xampp\\htdocs...')
#1 C:\xampp\htdocs\finalproject\system\Autoloader\Autoloader.php(219): CodeIgniter\Autoloader\Autoloader->loadInNamespace('App\\Models\\User...')
#2 C:\xampp\htdocs\finalproject\app\Controllers\UserCrud.php(10): CodeIgniter\Autoloader\Autoloader->loadClass('App\\Models\\User...')
#3 C:\xampp\htdocs\finalproject\system\CodeIgniter.php(825): App\Controllers\UserCrud->index()
#4 C:\xampp\htdocs\finalproject\system\CodeIgniter.php(412): CodeIgniter\CodeIgniter->runController(Object(App\Controllers\UserCrud))
#5 C:\xampp\htdocs\finalproject\system\CodeIgniter.php(320): CodeIgniter\CodeIgniter->handleRequest(NULL, Object(Config\Cache), false)
#6 C:\xampp\htdocs\finalproject\public\index.php(37): CodeIgniter\CodeIgniter->run()
#7 C:\xampp\htdocs\finalproject\system\Commands\Server\rewrite.php(43): require_once('C:\\xampp\\htdocs...')
#8 {main}
CRITICAL - 2022-02-02 02:14:32 --> Class "App\Filters\AuthGuard" not found
#0 C:\xampp\htdocs\finalproject\system\CodeIgniter.php(386): CodeIgniter\Filters\Filters->run('profile', 'before')
#1 C:\xampp\htdocs\finalproject\system\CodeIgniter.php(320): CodeIgniter\CodeIgniter->handleRequest(NULL, Object(Config\Cache), false)
#2 C:\xampp\htdocs\finalproject\public\index.php(37): CodeIgniter\CodeIgniter->run()
#3 C:\xampp\htdocs\finalproject\system\Commands\Server\rewrite.php(43): require_once('C:\\xampp\\htdocs...')
#4 {main}
CRITICAL - 2022-02-02 02:28:23 --> Class "App\Filters\AuthGuard" not found
#0 C:\xampp\htdocs\finalproject\system\CodeIgniter.php(386): CodeIgniter\Filters\Filters->run('profile', 'before')
#1 C:\xampp\htdocs\finalproject\system\CodeIgniter.php(320): CodeIgniter\CodeIgniter->handleRequest(NULL, Object(Config\Cache), false)
#2 C:\xampp\htdocs\finalproject\public\index.php(37): CodeIgniter\CodeIgniter->run()
#3 C:\xampp\htdocs\finalproject\system\Commands\Server\rewrite.php(43): require_once('C:\\xampp\\htdocs...')
#4 {main}
CRITICAL - 2022-02-02 02:28:40 --> Class "App\Filters\AuthGuard" not found
#0 C:\xampp\htdocs\finalproject\system\CodeIgniter.php(386): CodeIgniter\Filters\Filters->run('profile', 'before')
#1 C:\xampp\htdocs\finalproject\system\CodeIgniter.php(320): CodeIgniter\CodeIgniter->handleRequest(NULL, Object(Config\Cache), false)
#2 C:\xampp\htdocs\finalproject\public\index.php(37): CodeIgniter\CodeIgniter->run()
#3 C:\xampp\htdocs\finalproject\system\Commands\Server\rewrite.php(43): require_once('C:\\xampp\\htdocs...')
#4 {main}
CRITICAL - 2022-02-02 02:29:12 --> Class "App\Filters\AuthGuard" not found
#0 C:\xampp\htdocs\finalproject\system\CodeIgniter.php(386): CodeIgniter\Filters\Filters->run('profile', 'before')
#1 C:\xampp\htdocs\finalproject\system\CodeIgniter.php(320): CodeIgniter\CodeIgniter->handleRequest(NULL, Object(Config\Cache), false)
#2 C:\xampp\htdocs\finalproject\public\index.php(37): CodeIgniter\CodeIgniter->run()
#3 C:\xampp\htdocs\finalproject\system\Commands\Server\rewrite.php(43): require_once('C:\\xampp\\htdocs...')
#4 {main}
CRITICAL - 2022-02-02 02:33:28 --> Class "App\Filters\AuthGuard" not found
#0 C:\xampp\htdocs\finalproject\system\CodeIgniter.php(386): CodeIgniter\Filters\Filters->run('profile', 'before')
#1 C:\xampp\htdocs\finalproject\system\CodeIgniter.php(320): CodeIgniter\CodeIgniter->handleRequest(NULL, Object(Config\Cache), false)
#2 C:\xampp\htdocs\finalproject\public\index.php(37): CodeIgniter\CodeIgniter->run()
#3 C:\xampp\htdocs\finalproject\system\Commands\Server\rewrite.php(43): require_once('C:\\xampp\\htdocs...')
#4 {main}
CRITICAL - 2022-02-02 02:34:09 --> Class "App\Filters\AuthGuard" not found
#0 C:\xampp\htdocs\finalproject\system\CodeIgniter.php(386): CodeIgniter\Filters\Filters->run('profile', 'before')
#1 C:\xampp\htdocs\finalproject\system\CodeIgniter.php(320): CodeIgniter\CodeIgniter->handleRequest(NULL, Object(Config\Cache), false)
#2 C:\xampp\htdocs\finalproject\public\index.php(37): CodeIgniter\CodeIgniter->run()
#3 C:\xampp\htdocs\finalproject\system\Commands\Server\rewrite.php(43): require_once('C:\\xampp\\htdocs...')
#4 {main}
CRITICAL - 2022-02-02 02:34:57 --> Class "App\Filters\AuthGuard" not found
#0 C:\xampp\htdocs\finalproject\system\CodeIgniter.php(386): CodeIgniter\Filters\Filters->run('profile', 'before')
#1 C:\xampp\htdocs\finalproject\system\CodeIgniter.php(320): CodeIgniter\CodeIgniter->handleRequest(NULL, Object(Config\Cache), false)
#2 C:\xampp\htdocs\finalproject\public\index.php(37): CodeIgniter\CodeIgniter->run()
#3 C:\xampp\htdocs\finalproject\system\Commands\Server\rewrite.php(43): require_once('C:\\xampp\\htdocs...')
#4 {main}
CRITICAL - 2022-02-02 02:35:06 --> Class "App\Filters\AuthGuard" not found
#0 C:\xampp\htdocs\finalproject\system\CodeIgniter.php(386): CodeIgniter\Filters\Filters->run('profile', 'before')
#1 C:\xampp\htdocs\finalproject\system\CodeIgniter.php(320): CodeIgniter\CodeIgniter->handleRequest(NULL, Object(Config\Cache), false)
#2 C:\xampp\htdocs\finalproject\public\index.php(37): CodeIgniter\CodeIgniter->run()
#3 C:\xampp\htdocs\finalproject\system\Commands\Server\rewrite.php(43): require_once('C:\\xampp\\htdocs...')
#4 {main}
CRITICAL - 2022-02-02 02:36:23 --> Class "App\Filters\AuthGuard" not found
#0 C:\xampp\htdocs\finalproject\system\CodeIgniter.php(386): CodeIgniter\Filters\Filters->run('profile', 'before')
#1 C:\xampp\htdocs\finalproject\system\CodeIgniter.php(320): CodeIgniter\CodeIgniter->handleRequest(NULL, Object(Config\Cache), false)
#2 C:\xampp\htdocs\finalproject\public\index.php(37): CodeIgniter\CodeIgniter->run()
#3 C:\xampp\htdocs\finalproject\system\Commands\Server\rewrite.php(43): require_once('C:\\xampp\\htdocs...')
#4 {main}
CRITICAL - 2022-02-02 07:35:09 --> Undefined variable $routes
#0 C:\xampp\htdocs\finalproject\app\Config\Routes.php(56): CodeIgniter\Debug\Exceptions->errorHandler(2, 'Undefined varia...', 'C:\\xampp\\htdocs...', 56)
#1 C:\xampp\htdocs\finalproject\system\Router\RouteCollection.php(607): CodeIgniter\CodeIgniter->Config\{closure}(Object(CodeIgniter\Router\RouteCollection))
#2 C:\xampp\htdocs\finalproject\app\Config\Routes.php(58): CodeIgniter\Router\RouteCollection->group('', Array, Object(Closure))
#3 C:\xampp\htdocs\finalproject\system\CodeIgniter.php(706): require('C:\\xampp\\htdocs...')
#4 C:\xampp\htdocs\finalproject\system\CodeIgniter.php(361): CodeIgniter\CodeIgniter->tryToRouteIt(Object(CodeIgniter\Router\RouteCollection))
#5 C:\xampp\htdocs\finalproject\system\CodeIgniter.php(320): CodeIgniter\CodeIgniter->handleRequest(NULL, Object(Config\Cache), false)
#6 C:\xampp\htdocs\finalproject\public\index.php(37): CodeIgniter\CodeIgniter->run()
#7 C:\xampp\htdocs\finalproject\system\Commands\Server\rewrite.php(43): require_once('C:\\xampp\\htdocs...')
#8 {main}
CRITICAL - 2022-02-02 07:35:12 --> Undefined variable $routes
#0 C:\xampp\htdocs\finalproject\app\Config\Routes.php(56): CodeIgniter\Debug\Exceptions->errorHandler(2, 'Undefined varia...', 'C:\\xampp\\htdocs...', 56)
#1 C:\xampp\htdocs\finalproject\system\Router\RouteCollection.php(607): CodeIgniter\CodeIgniter->Config\{closure}(Object(CodeIgniter\Router\RouteCollection))
#2 C:\xampp\htdocs\finalproject\app\Config\Routes.php(58): CodeIgniter\Router\RouteCollection->group('', Array, Object(Closure))
#3 C:\xampp\htdocs\finalproject\system\CodeIgniter.php(706): require('C:\\xampp\\htdocs...')
#4 C:\xampp\htdocs\finalproject\system\CodeIgniter.php(361): CodeIgniter\CodeIgniter->tryToRouteIt(Object(CodeIgniter\Router\RouteCollection))
#5 C:\xampp\htdocs\finalproject\system\CodeIgniter.php(320): CodeIgniter\CodeIgniter->handleRequest(NULL, Object(Config\Cache), false)
#6 C:\xampp\htdocs\finalproject\public\index.php(37): CodeIgniter\CodeIgniter->run()
#7 C:\xampp\htdocs\finalproject\system\Commands\Server\rewrite.php(43): require_once('C:\\xampp\\htdocs...')
#8 {main}
CRITICAL - 2022-02-02 07:35:14 --> Undefined variable $routes
#0 C:\xampp\htdocs\finalproject\app\Config\Routes.php(56): CodeIgniter\Debug\Exceptions->errorHandler(2, 'Undefined varia...', 'C:\\xampp\\htdocs...', 56)
#1 C:\xampp\htdocs\finalproject\system\Router\RouteCollection.php(607): CodeIgniter\CodeIgniter->Config\{closure}(Object(CodeIgniter\Router\RouteCollection))
#2 C:\xampp\htdocs\finalproject\app\Config\Routes.php(58): CodeIgniter\Router\RouteCollection->group('', Array, Object(Closure))
#3 C:\xampp\htdocs\finalproject\system\CodeIgniter.php(706): require('C:\\xampp\\htdocs...')
#4 C:\xampp\htdocs\finalproject\system\CodeIgniter.php(361): CodeIgniter\CodeIgniter->tryToRouteIt(Object(CodeIgniter\Router\RouteCollection))
#5 C:\xampp\htdocs\finalproject\system\CodeIgniter.php(320): CodeIgniter\CodeIgniter->handleRequest(NULL, Object(Config\Cache), false)
#6 C:\xampp\htdocs\finalproject\public\index.php(37): CodeIgniter\CodeIgniter->run()
#7 C:\xampp\htdocs\finalproject\system\Commands\Server\rewrite.php(43): require_once('C:\\xampp\\htdocs...')
#8 {main}
CRITICAL - 2022-02-02 07:35:15 --> Undefined variable $routes
#0 C:\xampp\htdocs\finalproject\app\Config\Routes.php(56): CodeIgniter\Debug\Exceptions->errorHandler(2, 'Undefined varia...', 'C:\\xampp\\htdocs...', 56)
#1 C:\xampp\htdocs\finalproject\system\Router\RouteCollection.php(607): CodeIgniter\CodeIgniter->Config\{closure}(Object(CodeIgniter\Router\RouteCollection))
#2 C:\xampp\htdocs\finalproject\app\Config\Routes.php(58): CodeIgniter\Router\RouteCollection->group('', Array, Object(Closure))
#3 C:\xampp\htdocs\finalproject\system\CodeIgniter.php(706): require('C:\\xampp\\htdocs...')
#4 C:\xampp\htdocs\finalproject\system\CodeIgniter.php(361): CodeIgniter\CodeIgniter->tryToRouteIt(Object(CodeIgniter\Router\RouteCollection))
#5 C:\xampp\htdocs\finalproject\system\CodeIgniter.php(320): CodeIgniter\CodeIgniter->handleRequest(NULL, Object(Config\Cache), false)
#6 C:\xampp\htdocs\finalproject\public\index.php(37): CodeIgniter\CodeIgniter->run()
#7 C:\xampp\htdocs\finalproject\system\Commands\Server\rewrite.php(43): require_once('C:\\xampp\\htdocs...')
#8 {main}
CRITICAL - 2022-02-02 07:35:16 --> Undefined variable $routes
#0 C:\xampp\htdocs\finalproject\app\Config\Routes.php(56): CodeIgniter\Debug\Exceptions->errorHandler(2, 'Undefined varia...', 'C:\\xampp\\htdocs...', 56)
#1 C:\xampp\htdocs\finalproject\system\Router\RouteCollection.php(607): CodeIgniter\CodeIgniter->Config\{closure}(Object(CodeIgniter\Router\RouteCollection))
#2 C:\xampp\htdocs\finalproject\app\Config\Routes.php(58): CodeIgniter\Router\RouteCollection->group('', Array, Object(Closure))
#3 C:\xampp\htdocs\finalproject\system\CodeIgniter.php(706): require('C:\\xampp\\htdocs...')
#4 C:\xampp\htdocs\finalproject\system\CodeIgniter.php(361): CodeIgniter\CodeIgniter->tryToRouteIt(Object(CodeIgniter\Router\RouteCollection))
#5 C:\xampp\htdocs\finalproject\system\CodeIgniter.php(320): CodeIgniter\CodeIgniter->handleRequest(NULL, Object(Config\Cache), false)
#6 C:\xampp\htdocs\finalproject\public\index.php(37): CodeIgniter\CodeIgniter->run()
#7 C:\xampp\htdocs\finalproject\system\Commands\Server\rewrite.php(43): require_once('C:\\xampp\\htdocs...')
#8 {main}
CRITICAL - 2022-02-02 07:35:18 --> Undefined variable $routes
#0 C:\xampp\htdocs\finalproject\app\Config\Routes.php(56): CodeIgniter\Debug\Exceptions->errorHandler(2, 'Undefined varia...', 'C:\\xampp\\htdocs...', 56)
#1 C:\xampp\htdocs\finalproject\system\Router\RouteCollection.php(607): CodeIgniter\CodeIgniter->Config\{closure}(Object(CodeIgniter\Router\RouteCollection))
#2 C:\xampp\htdocs\finalproject\app\Config\Routes.php(58): CodeIgniter\Router\RouteCollection->group('', Array, Object(Closure))
#3 C:\xampp\htdocs\finalproject\system\CodeIgniter.php(706): require('C:\\xampp\\htdocs...')
#4 C:\xampp\htdocs\finalproject\system\CodeIgniter.php(361): CodeIgniter\CodeIgniter->tryToRouteIt(Object(CodeIgniter\Router\RouteCollection))
#5 C:\xampp\htdocs\finalproject\system\CodeIgniter.php(320): CodeIgniter\CodeIgniter->handleRequest(NULL, Object(Config\Cache), false)
#6 C:\xampp\htdocs\finalproject\public\index.php(37): CodeIgniter\CodeIgniter->run()
#7 C:\xampp\htdocs\finalproject\system\Commands\Server\rewrite.php(43): require_once('C:\\xampp\\htdocs...')
#8 {main}
CRITICAL - 2022-02-02 07:45:10 --> authGuard filter must have a matching alias defined.
#0 C:\xampp\htdocs\finalproject\system\Filters\Filters.php(340): CodeIgniter\Filters\Exceptions\FilterException::forNoAlias('authGuard')
#1 C:\xampp\htdocs\finalproject\system\CodeIgniter.php(377): CodeIgniter\Filters\Filters->enableFilter('authGuard', 'before')
#2 C:\xampp\htdocs\finalproject\system\CodeIgniter.php(320): CodeIgniter\CodeIgniter->handleRequest(NULL, Object(Config\Cache), false)
#3 C:\xampp\htdocs\finalproject\public\index.php(37): CodeIgniter\CodeIgniter->run()
#4 C:\xampp\htdocs\finalproject\system\Commands\Server\rewrite.php(43): require_once('C:\\xampp\\htdocs...')
#5 {main}
CRITICAL - 2022-02-02 07:45:17 --> authGuard filter must have a matching alias defined.
#0 C:\xampp\htdocs\finalproject\system\Filters\Filters.php(340): CodeIgniter\Filters\Exceptions\FilterException::forNoAlias('authGuard')
#1 C:\xampp\htdocs\finalproject\system\CodeIgniter.php(377): CodeIgniter\Filters\Filters->enableFilter('authGuard', 'before')
#2 C:\xampp\htdocs\finalproject\system\CodeIgniter.php(320): CodeIgniter\CodeIgniter->handleRequest(NULL, Object(Config\Cache), false)
#3 C:\xampp\htdocs\finalproject\public\index.php(37): CodeIgniter\CodeIgniter->run()
#4 C:\xampp\htdocs\finalproject\system\Commands\Server\rewrite.php(43): require_once('C:\\xampp\\htdocs...')
#5 {main}
